{"/home/konkon/atelier/typescript/ts-pipeline/lib/pipe.ts": {"path":"/home/konkon/atelier/typescript/ts-pipeline/lib/pipe.ts","all":false,"statementMap":{"0":{"start":{"line":1,"column":0},"end":{"line":1,"column":67}},"65":{"start":{"line":66,"column":0},"end":{"line":66,"column":21}},"68":{"start":{"line":69,"column":0},"end":{"line":69,"column":38}},"73":{"start":{"line":74,"column":0},"end":{"line":74,"column":7}},"74":{"start":{"line":75,"column":0},"end":{"line":75,"column":16}},"75":{"start":{"line":76,"column":0},"end":{"line":76,"column":28}},"78":{"start":{"line":79,"column":0},"end":{"line":79,"column":8}},"79":{"start":{"line":80,"column":0},"end":{"line":80,"column":65}},"80":{"start":{"line":81,"column":0},"end":{"line":81,"column":36}},"81":{"start":{"line":82,"column":0},"end":{"line":82,"column":35}},"82":{"start":{"line":83,"column":0},"end":{"line":83,"column":56}},"83":{"start":{"line":84,"column":0},"end":{"line":84,"column":5}},"84":{"start":{"line":85,"column":0},"end":{"line":85,"column":18}},"85":{"start":{"line":86,"column":0},"end":{"line":86,"column":4}},"86":{"start":{"line":87,"column":0},"end":{"line":87,"column":2}}},"s":{"0":1,"65":1,"68":10,"73":10,"74":10,"75":10,"78":10,"79":10,"80":10,"81":17,"82":14,"83":14,"84":10,"85":10,"86":10},"branchMap":{"0":{"type":"branch","line":66,"loc":{"start":{"line":66,"column":20},"end":{"line":87,"column":2}},"locations":[{"start":{"line":66,"column":20},"end":{"line":87,"column":2}}]},"1":{"type":"branch","line":75,"loc":{"start":{"line":75,"column":9},"end":{"line":86,"column":4}},"locations":[{"start":{"line":75,"column":9},"end":{"line":86,"column":4}}]},"2":{"type":"branch","line":81,"loc":{"start":{"line":81,"column":35},"end":{"line":84,"column":5}},"locations":[{"start":{"line":81,"column":35},"end":{"line":84,"column":5}}]},"3":{"type":"branch","line":82,"loc":{"start":{"line":82,"column":29},"end":{"line":82,"column":35}},"locations":[{"start":{"line":82,"column":29},"end":{"line":82,"column":35}}]},"4":{"type":"branch","line":82,"loc":{"start":{"line":82,"column":29},"end":{"line":84,"column":5}},"locations":[{"start":{"line":82,"column":29},"end":{"line":84,"column":5}}]}},"b":{"0":[10],"1":[10],"2":[17],"3":[3],"4":[14]},"fnMap":{"0":{"name":"pipe","decl":{"start":{"line":66,"column":20},"end":{"line":87,"column":2}},"loc":{"start":{"line":66,"column":20},"end":{"line":87,"column":2}},"line":66}},"f":{"0":10}}
,"/home/konkon/atelier/typescript/ts-pipeline/lib/result.ts": {"path":"/home/konkon/atelier/typescript/ts-pipeline/lib/result.ts","all":false,"statementMap":{"4":{"start":{"line":5,"column":0},"end":{"line":5,"column":25}},"5":{"start":{"line":6,"column":0},"end":{"line":6,"column":28}},"6":{"start":{"line":7,"column":0},"end":{"line":7,"column":29}},"11":{"start":{"line":12,"column":0},"end":{"line":12,"column":42}},"12":{"start":{"line":13,"column":0},"end":{"line":13,"column":1}},"18":{"start":{"line":19,"column":0},"end":{"line":19,"column":25}},"19":{"start":{"line":20,"column":0},"end":{"line":20,"column":29}},"20":{"start":{"line":21,"column":0},"end":{"line":21,"column":28}},"25":{"start":{"line":26,"column":0},"end":{"line":26,"column":42}},"26":{"start":{"line":27,"column":0},"end":{"line":27,"column":1}},"49":{"start":{"line":50,"column":0},"end":{"line":50,"column":78}},"50":{"start":{"line":51,"column":0},"end":{"line":51,"column":19}},"59":{"start":{"line":60,"column":0},"end":{"line":60,"column":78}},"60":{"start":{"line":61,"column":0},"end":{"line":61,"column":19}},"68":{"start":{"line":69,"column":0},"end":{"line":69,"column":77}},"76":{"start":{"line":77,"column":0},"end":{"line":77,"column":77}},"84":{"start":{"line":85,"column":0},"end":{"line":85,"column":68}},"97":{"start":{"line":98,"column":0},"end":{"line":98,"column":20}},"98":{"start":{"line":99,"column":0},"end":{"line":99,"column":18}},"99":{"start":{"line":100,"column":0},"end":{"line":100,"column":14}},"100":{"start":{"line":101,"column":0},"end":{"line":101,"column":14}},"101":{"start":{"line":102,"column":0},"end":{"line":102,"column":6}},"105":{"start":{"line":106,"column":0},"end":{"line":106,"column":51}},"106":{"start":{"line":107,"column":0},"end":{"line":107,"column":74}},"115":{"start":{"line":116,"column":0},"end":{"line":116,"column":62}},"116":{"start":{"line":117,"column":0},"end":{"line":117,"column":21}},"117":{"start":{"line":118,"column":0},"end":{"line":118,"column":29}},"118":{"start":{"line":119,"column":0},"end":{"line":119,"column":7}},"119":{"start":{"line":120,"column":0},"end":{"line":120,"column":32}},"120":{"start":{"line":121,"column":0},"end":{"line":121,"column":26}},"121":{"start":{"line":122,"column":0},"end":{"line":122,"column":19}},"122":{"start":{"line":123,"column":0},"end":{"line":123,"column":31}},"123":{"start":{"line":124,"column":0},"end":{"line":124,"column":3}},"124":{"start":{"line":125,"column":0},"end":{"line":125,"column":2}}},"s":{"4":1,"5":1,"6":1,"11":1,"12":1,"18":1,"19":1,"20":1,"25":1,"26":1,"49":1,"50":18,"59":1,"60":21,"68":1,"76":1,"84":1,"97":1,"98":1,"99":14,"100":14,"101":14,"105":14,"106":14,"115":1,"116":4,"117":4,"118":4,"119":4,"120":2,"121":2,"122":2,"123":2,"124":4},"branchMap":{"0":{"type":"branch","line":12,"loc":{"start":{"line":12,"column":2},"end":{"line":12,"column":42}},"locations":[{"start":{"line":12,"column":2},"end":{"line":12,"column":42}}]},"1":{"type":"branch","line":26,"loc":{"start":{"line":26,"column":2},"end":{"line":26,"column":42}},"locations":[{"start":{"line":26,"column":2},"end":{"line":26,"column":42}}]},"2":{"type":"branch","line":50,"loc":{"start":{"line":50,"column":25},"end":{"line":51,"column":19}},"locations":[{"start":{"line":50,"column":25},"end":{"line":51,"column":19}}]},"3":{"type":"branch","line":60,"loc":{"start":{"line":60,"column":25},"end":{"line":61,"column":19}},"locations":[{"start":{"line":60,"column":25},"end":{"line":61,"column":19}}]},"4":{"type":"branch","line":69,"loc":{"start":{"line":69,"column":23},"end":{"line":69,"column":77}},"locations":[{"start":{"line":69,"column":23},"end":{"line":69,"column":77}}]},"5":{"type":"branch","line":77,"loc":{"start":{"line":77,"column":23},"end":{"line":77,"column":77}},"locations":[{"start":{"line":77,"column":23},"end":{"line":77,"column":77}}]},"6":{"type":"branch","line":99,"loc":{"start":{"line":99,"column":2},"end":{"line":107,"column":74}},"locations":[{"start":{"line":99,"column":2},"end":{"line":107,"column":74}}]},"7":{"type":"branch","line":106,"loc":{"start":{"line":106,"column":2},"end":{"line":107,"column":74}},"locations":[{"start":{"line":106,"column":2},"end":{"line":107,"column":74}}]},"8":{"type":"branch","line":107,"loc":{"start":{"line":107,"column":20},"end":{"line":107,"column":50}},"locations":[{"start":{"line":107,"column":20},"end":{"line":107,"column":50}}]},"9":{"type":"branch","line":107,"loc":{"start":{"line":107,"column":46},"end":{"line":107,"column":74}},"locations":[{"start":{"line":107,"column":46},"end":{"line":107,"column":74}}]},"10":{"type":"branch","line":116,"loc":{"start":{"line":116,"column":27},"end":{"line":125,"column":2}},"locations":[{"start":{"line":116,"column":27},"end":{"line":125,"column":2}}]},"11":{"type":"branch","line":120,"loc":{"start":{"line":120,"column":24},"end":{"line":124,"column":3}},"locations":[{"start":{"line":120,"column":24},"end":{"line":124,"column":3}}]}},"b":{"0":[25],"1":[7],"2":[18],"3":[21],"4":[25],"5":[7],"6":[14],"7":[14],"8":[9],"9":[5],"10":[4],"11":[2]},"fnMap":{"0":{"name":"Success","decl":{"start":{"line":12,"column":2},"end":{"line":12,"column":42}},"loc":{"start":{"line":12,"column":2},"end":{"line":12,"column":42}},"line":12},"1":{"name":"Failure","decl":{"start":{"line":26,"column":2},"end":{"line":26,"column":42}},"loc":{"start":{"line":26,"column":2},"end":{"line":26,"column":42}},"line":26},"2":{"name":"isSuccess","decl":{"start":{"line":50,"column":25},"end":{"line":51,"column":19}},"loc":{"start":{"line":50,"column":25},"end":{"line":51,"column":19}},"line":50},"3":{"name":"isFailure","decl":{"start":{"line":60,"column":25},"end":{"line":61,"column":19}},"loc":{"start":{"line":60,"column":25},"end":{"line":61,"column":19}},"line":60},"4":{"name":"success","decl":{"start":{"line":69,"column":23},"end":{"line":69,"column":77}},"loc":{"start":{"line":69,"column":23},"end":{"line":69,"column":77}},"line":69},"5":{"name":"failure","decl":{"start":{"line":77,"column":23},"end":{"line":77,"column":77}},"loc":{"start":{"line":77,"column":23},"end":{"line":77,"column":77}},"line":77},"6":{"name":"of","decl":{"start":{"line":85,"column":18},"end":{"line":85,"column":68}},"loc":{"start":{"line":85,"column":18},"end":{"line":85,"column":68}},"line":85},"7":{"name":"match","decl":{"start":{"line":99,"column":2},"end":{"line":107,"column":74}},"loc":{"start":{"line":99,"column":2},"end":{"line":107,"column":74}},"line":99},"8":{"name":"fromPromise","decl":{"start":{"line":116,"column":27},"end":{"line":125,"column":2}},"loc":{"start":{"line":116,"column":27},"end":{"line":125,"column":2}},"line":116}},"f":{"0":25,"1":7,"2":18,"3":21,"4":25,"5":7,"6":0,"7":14,"8":4}}
,"/home/konkon/atelier/typescript/ts-pipeline/src/index.ts": {"path":"/home/konkon/atelier/typescript/ts-pipeline/src/index.ts","all":true,"statementMap":{"0":{"start":{"line":1,"column":0},"end":{"line":1,"column":28}},"1":{"start":{"line":2,"column":0},"end":{"line":2,"column":30}}},"s":{"0":0,"1":0},"branchMap":{"0":{"type":"branch","line":1,"loc":{"start":{"line":1,"column":0},"end":{"line":2,"column":-15}},"locations":[{"start":{"line":1,"column":0},"end":{"line":2,"column":-15}}]}},"b":{"0":[0]},"fnMap":{"0":{"name":"(empty-report)","decl":{"start":{"line":1,"column":0},"end":{"line":2,"column":-15}},"loc":{"start":{"line":1,"column":0},"end":{"line":2,"column":-15}},"line":1}},"f":{"0":0}}
}
